Renderer info: GeForce GTX 1050 Ti/PCIe/SSE2 version 4.6.0 NVIDIA 457.30 from NVIDIA Corporation
Depth buffer bits: 24
Multisampling enabled
Adding file system path C:\Users\Marc G\Documents\GitHub\ADayInHell\Trenchbroom RC6\trenchbroom\defaults\assets
Adding file system path C:\Users\Marc G\Documents\GitHub\ADayInHell\Trenchbroom RC6\trenchbroom\defaults\assets
Adding file system path C:\Users\Marc G\Documents\GitHub\A-day-in-hell-quake\id1
Adding file system package PAK0.PAK
Adding file system package PAK1.PAK
Creating new document
Loaded entity definition file Quake.fgd
Loading palette file gfx\palette.lmp
Loading palette file gfx\palette.lmp
Loaded texture collection 'C:\Users\Marc G\Documents\GitHub\A-day-in-hell-quake\wads\alice.wad'
Saved C:\Users\Marc G\Documents\GitHub\ADayInHell\id1\Maps\AdayinHell.map
Created autosave backup at C:\Users\Marc G\Documents\GitHub\ADayInHell\id1\Maps\autosave\AdayinHell.1.map
Snapped vertices of 1 brush
Snapped vertices of 1 brush
Saved C:\Users\Marc G\Documents\GitHub\ADayInHell\id1\Maps\AdayinHell.map
Created autosave backup at C:\Users\Marc G\Documents\GitHub\ADayInHell\id1\Maps\autosave\AdayinHell.2.map
Snapped vertices of 1 brush
Snapped vertices of 1 brush
Created autosave backup at C:\Users\Marc G\Documents\GitHub\ADayInHell\id1\Maps\autosave\AdayinHell.3.map
Saved C:\Users\Marc G\Documents\GitHub\ADayInHell\id1\Maps\AdayinHell.map
Saved C:\Users\Marc G\Documents\GitHub\ADayInHell\id1\Maps\AdayinHell.map
Created autosave backup at C:\Users\Marc G\Documents\GitHub\ADayInHell\id1\Maps\autosave\AdayinHell.4.map
Saved C:\Users\Marc G\Documents\GitHub\ADayInHell\id1\Maps\AdayinHell.map
Saved C:\Users\Marc G\Documents\GitHub\ADayInHell\id1\Maps\AdayinHell.map
Snapped vertices of 1 brush
Snapped vertices of 1 brush
Snapped vertices of 1 brush
Snapped vertices of 1 brush
Snapped vertices of 1 brush
Snapped vertices of 1 brush
Snapped vertices of 1 brush
Snapped vertices of 1 brush
Loading palette file gfx\palette.lmp
Loaded texture collection 'C:\Users\Marc G\Documents\GitHub\A-day-in-hell-quake\wads\START.WAD'
Loading palette file gfx\palette.lmp
Loading palette file gfx\palette.lmp
Loading palette file gfx\palette.lmp
Loading palette file gfx\palette.lmp
Loaded texture collection 'C:\Users\Marc G\Documents\GitHub\A-day-in-hell-quake\wads\prototype_1_2.wad'
